[0.179s] Invoking command in '/home/fudanrobotuser/fd_humanoid_robot/build/nlohmann_json': /usr/bin/cmake --build /home/fudanrobotuser/fd_humanoid_robot/build/nlohmann_json -- -j10 -l10
[0.235s] [  4%] Built target abi_compat_diag_on
[0.235s] [  4%] Built target abi_compat_main
[0.235s] [  4%] Built target abi_compat_diag_off
[0.235s] [  4%] Built target test_main
[0.260s] [  5%] Built target abi_compat_diag
[0.261s] [  6%] Built target abi_config_default
[0.261s] [  8%] Built target abi_config_noversion
[0.262s] [ 10%] Built target abi_compat_inline_ns
[0.262s] [ 11%] Built target abi_config_custom
[0.298s] [ 12%] Built target test-alt-string_cpp11
[0.301s] [ 13%] Built target test-binary_formats_cpp11
[0.302s] [ 14%] Built target test-bson_cpp11
[0.302s] [ 16%] Built target test-allocator_cpp11
[0.303s] [ 17%] Built target test-algorithms_cpp11
[0.305s] [ 18%] Built target test-bjdata_cpp11
[0.308s] [ 19%] Built target test-assert_macro_cpp11
[0.311s] [ 21%] Built target test-byte_container_with_subtype_cpp11
[0.313s] [ 22%] Built target test-cbor_cpp11
[0.320s] [ 23%] Built target test-capacity_cpp11
[0.341s] [ 24%] Built target test-class_parser_cpp11
[0.344s] [ 25%] Built target test-class_const_iterator_cpp11
[0.344s] [ 27%] Built target test-class_lexer_cpp11
[0.349s] [ 28%] Built target test-constructor1_cpp11
[0.349s] [ 29%] Built target test-class_iterator_cpp11
[0.353s] [ 30%] Built target test-constructor2_cpp11
[0.357s] [ 31%] Built target test-comparison_cpp11
[0.361s] [ 32%] Built target test-comparison_cpp20
[0.368s] [ 34%] Built target test-concepts_cpp11
[0.368s] [ 35%] Built target test-convenience_cpp11
[0.395s] [ 36%] Built target test-conversions_cpp11
[0.395s] [ 38%] Built target test-conversions_cpp17
[0.395s] [ 40%] Built target test-custom-base-class_cpp11
[0.395s] [ 40%] Built target test-deserialization_cpp11
[0.395s] [ 41%] Built target test-diagnostics_cpp11
[0.396s] [ 42%] Built target test-disabled_exceptions_cpp11
[0.404s] [ 43%] Built target test-element_access1_cpp11
[0.417s] [ 45%] Built target test-element_access2_cpp11
[0.420s] [ 46%] Built target test-element_access2_cpp14
[0.423s] [ 47%] Built target test-element_access2_cpp17
[0.425s] [ 48%] Built target test-hash_cpp11
[0.431s] [ 49%] Built target test-iterators1_cpp11
[0.432s] [ 50%] Built target test-inspection_cpp11
[0.432s] [ 51%] Built target test-items_cpp17
[0.441s] [ 52%] Built target test-iterators2_cpp11
[0.453s] [ 53%] Built target test-iterators2_cpp20
[0.453s] [ 54%] Built target test-json_patch_cpp11
[0.456s] [ 55%] Built target test-large_json_cpp11
[0.460s] [ 57%] Built target test-items_cpp11
[0.465s] [ 58%] Built target test-json_pointer_cpp20
[0.465s] [ 60%] Built target test-modifiers_cpp11
[0.467s] [ 62%] Built target test-json_pointer_cpp11
[0.476s] [ 63%] Built target test-meta_cpp11
[0.484s] [ 64%] Built target test-no-mem-leak-on-adl-serialize_cpp11
[0.484s] [ 65%] Built target test-msgpack_cpp11
[0.490s] [ 67%] Built target test-noexcept_cpp11
[0.491s] [ 67%] Built target test-ordered_json_cpp11
[0.496s] [ 68%] Built target test-merge_patch_cpp11
[0.498s] [ 69%] Built target test-pointer_access_cpp11
[0.501s] [ 71%] Built target test-ordered_map_cpp11
[0.503s] [ 72%] Built target test-readme_cpp11
[0.514s] [ 73%] Built target test-reference_access_cpp11
[0.524s] [ 74%] Built target test-regression1_cpp11
[0.530s] [ 75%] Built target test-regression1_cpp17
[0.535s] [ 76%] Built target test-testsuites_cpp11
[0.537s] [ 77%] Built target test-regression2_cpp17
[0.540s] [ 78%] Built target test-regression2_cpp20
[0.541s] [ 80%] Built target test-regression2_cpp11
[0.543s] [ 81%] Built target test-serialization_cpp11
[0.548s] [ 83%] Built target test-to_chars_cpp11
[0.556s] [ 84%] Built target test-type_traits_cpp11
[0.558s] [ 85%] Built target test-udl_cpp11
[0.573s] [ 86%] Built target test-ubjson_cpp11
[0.578s] [ 87%] Built target test-udt_cpp11
[0.580s] [ 88%] Built target test-udt_macro_cpp11
[0.581s] [ 90%] Built target test-unicode1_cpp11
[0.582s] [ 91%] Built target test-unicode2_cpp11
[0.586s] [ 92%] Built target test-unicode3_cpp11
[0.588s] [ 93%] Built target test-unicode4_cpp11
[0.599s] [ 94%] Built target test-unicode5_cpp11
[0.604s] [ 95%] Built target test-comparison_legacy_cpp11
[0.608s] [ 97%] Built target test-user_defined_input_cpp11
[0.608s] [ 98%] Built target test-windows_h_cpp11
[0.608s] [ 99%] Built target test-wstring_cpp11
[0.613s] [100%] Built target test-comparison_legacy_cpp20
[0.625s] Invoked command in '/home/fudanrobotuser/fd_humanoid_robot/build/nlohmann_json' returned '0': /usr/bin/cmake --build /home/fudanrobotuser/fd_humanoid_robot/build/nlohmann_json -- -j10 -l10
[0.728s] Invoking command in '/home/fudanrobotuser/fd_humanoid_robot/build/nlohmann_json': /usr/bin/cmake --install /home/fudanrobotuser/fd_humanoid_robot/build/nlohmann_json
[0.736s] -- Install configuration: ""
[0.737s] -- Up-to-date: /home/fudanrobotuser/fd_humanoid_robot/install/nlohmann_json/include
[0.738s] -- Up-to-date: /home/fudanrobotuser/fd_humanoid_robot/install/nlohmann_json/include/nlohmann
[0.738s] -- Up-to-date: /home/fudanrobotuser/fd_humanoid_robot/install/nlohmann_json/include/nlohmann/adl_serializer.hpp
[0.738s] -- Up-to-date: /home/fudanrobotuser/fd_humanoid_robot/install/nlohmann_json/include/nlohmann/detail
[0.738s] -- Up-to-date: /home/fudanrobotuser/fd_humanoid_robot/install/nlohmann_json/include/nlohmann/detail/input
[0.738s] -- Up-to-date: /home/fudanrobotuser/fd_humanoid_robot/install/nlohmann_json/include/nlohmann/detail/input/input_adapters.hpp
[0.738s] -- Up-to-date: /home/fudanrobotuser/fd_humanoid_robot/install/nlohmann_json/include/nlohmann/detail/input/lexer.hpp
[0.739s] -- Up-to-date: /home/fudanrobotuser/fd_humanoid_robot/install/nlohmann_json/include/nlohmann/detail/input/json_sax.hpp
[0.739s] -- Up-to-date: /home/fudanrobotuser/fd_humanoid_robot/install/nlohmann_json/include/nlohmann/detail/input/position_t.hpp
[0.739s] -- Up-to-date: /home/fudanrobotuser/fd_humanoid_robot/install/nlohmann_json/include/nlohmann/detail/input/parser.hpp
[0.739s] -- Up-to-date: /home/fudanrobotuser/fd_humanoid_robot/install/nlohmann_json/include/nlohmann/detail/input/binary_reader.hpp
[0.739s] -- Up-to-date: /home/fudanrobotuser/fd_humanoid_robot/install/nlohmann_json/include/nlohmann/detail/json_ref.hpp
[0.739s] -- Up-to-date: /home/fudanrobotuser/fd_humanoid_robot/install/nlohmann_json/include/nlohmann/detail/meta
[0.739s] -- Up-to-date: /home/fudanrobotuser/fd_humanoid_robot/install/nlohmann_json/include/nlohmann/detail/meta/void_t.hpp
[0.739s] -- Up-to-date: /home/fudanrobotuser/fd_humanoid_robot/install/nlohmann_json/include/nlohmann/detail/meta/cpp_future.hpp
[0.739s] -- Up-to-date: /home/fudanrobotuser/fd_humanoid_robot/install/nlohmann_json/include/nlohmann/detail/meta/call_std
[0.740s] -- Up-to-date: /home/fudanrobotuser/fd_humanoid_robot/install/nlohmann_json/include/nlohmann/detail/meta/call_std/begin.hpp
[0.740s] -- Up-to-date: /home/fudanrobotuser/fd_humanoid_robot/install/nlohmann_json/include/nlohmann/detail/meta/call_std/end.hpp
[0.740s] -- Up-to-date: /home/fudanrobotuser/fd_humanoid_robot/install/nlohmann_json/include/nlohmann/detail/meta/detected.hpp
[0.740s] -- Up-to-date: /home/fudanrobotuser/fd_humanoid_robot/install/nlohmann_json/include/nlohmann/detail/meta/std_fs.hpp
[0.740s] -- Up-to-date: /home/fudanrobotuser/fd_humanoid_robot/install/nlohmann_json/include/nlohmann/detail/meta/type_traits.hpp
[0.740s] -- Up-to-date: /home/fudanrobotuser/fd_humanoid_robot/install/nlohmann_json/include/nlohmann/detail/meta/is_sax.hpp
[0.740s] -- Up-to-date: /home/fudanrobotuser/fd_humanoid_robot/install/nlohmann_json/include/nlohmann/detail/meta/identity_tag.hpp
[0.740s] -- Up-to-date: /home/fudanrobotuser/fd_humanoid_robot/install/nlohmann_json/include/nlohmann/detail/string_escape.hpp
[0.740s] -- Up-to-date: /home/fudanrobotuser/fd_humanoid_robot/install/nlohmann_json/include/nlohmann/detail/abi_macros.hpp
[0.740s] -- Up-to-date: /home/fudanrobotuser/fd_humanoid_robot/install/nlohmann_json/include/nlohmann/detail/hash.hpp
[0.740s] -- Up-to-date: /home/fudanrobotuser/fd_humanoid_robot/install/nlohmann_json/include/nlohmann/detail/output
[0.741s] -- Up-to-date: /home/fudanrobotuser/fd_humanoid_robot/install/nlohmann_json/include/nlohmann/detail/output/serializer.hpp
[0.741s] -- Up-to-date: /home/fudanrobotuser/fd_humanoid_robot/install/nlohmann_json/include/nlohmann/detail/output/binary_writer.hpp
[0.742s] -- Up-to-date: /home/fudanrobotuser/fd_humanoid_robot/install/nlohmann_json/include/nlohmann/detail/output/output_adapters.hpp
[0.742s] -- Up-to-date: /home/fudanrobotuser/fd_humanoid_robot/install/nlohmann_json/include/nlohmann/detail/json_custom_base_class.hpp
[0.742s] -- Up-to-date: /home/fudanrobotuser/fd_humanoid_robot/install/nlohmann_json/include/nlohmann/detail/json_pointer.hpp
[0.742s] -- Up-to-date: /home/fudanrobotuser/fd_humanoid_robot/install/nlohmann_json/include/nlohmann/detail/value_t.hpp
[0.747s] -- Up-to-date: /home/fudanrobotuser/fd_humanoid_robot/install/nlohmann_json/include/nlohmann/detail/conversions
[0.747s] -- Up-to-date: /home/fudanrobotuser/fd_humanoid_robot/install/nlohmann_json/include/nlohmann/detail/conversions/to_chars.hpp
[0.747s] -- Up-to-date: /home/fudanrobotuser/fd_humanoid_robot/install/nlohmann_json/include/nlohmann/detail/conversions/to_json.hpp
[0.747s] -- Up-to-date: /home/fudanrobotuser/fd_humanoid_robot/install/nlohmann_json/include/nlohmann/detail/conversions/from_json.hpp
[0.747s] -- Up-to-date: /home/fudanrobotuser/fd_humanoid_robot/install/nlohmann_json/include/nlohmann/detail/macro_unscope.hpp
[0.748s] -- Up-to-date: /home/fudanrobotuser/fd_humanoid_robot/install/nlohmann_json/include/nlohmann/detail/string_concat.hpp
[0.748s] -- Up-to-date: /home/fudanrobotuser/fd_humanoid_robot/install/nlohmann_json/include/nlohmann/detail/macro_scope.hpp
[0.748s] -- Up-to-date: /home/fudanrobotuser/fd_humanoid_robot/install/nlohmann_json/include/nlohmann/detail/iterators
[0.748s] -- Up-to-date: /home/fudanrobotuser/fd_humanoid_robot/install/nlohmann_json/include/nlohmann/detail/iterators/iteration_proxy.hpp
[0.748s] -- Up-to-date: /home/fudanrobotuser/fd_humanoid_robot/install/nlohmann_json/include/nlohmann/detail/iterators/iter_impl.hpp
[0.749s] -- Up-to-date: /home/fudanrobotuser/fd_humanoid_robot/install/nlohmann_json/include/nlohmann/detail/iterators/json_reverse_iterator.hpp
[0.749s] -- Up-to-date: /home/fudanrobotuser/fd_humanoid_robot/install/nlohmann_json/include/nlohmann/detail/iterators/iterator_traits.hpp
[0.749s] -- Up-to-date: /home/fudanrobotuser/fd_humanoid_robot/install/nlohmann_json/include/nlohmann/detail/iterators/internal_iterator.hpp
[0.749s] -- Up-to-date: /home/fudanrobotuser/fd_humanoid_robot/install/nlohmann_json/include/nlohmann/detail/iterators/primitive_iterator.hpp
[0.749s] -- Up-to-date: /home/fudanrobotuser/fd_humanoid_robot/install/nlohmann_json/include/nlohmann/detail/exceptions.hpp
[0.749s] -- Up-to-date: /home/fudanrobotuser/fd_humanoid_robot/install/nlohmann_json/include/nlohmann/ordered_map.hpp
[0.750s] -- Up-to-date: /home/fudanrobotuser/fd_humanoid_robot/install/nlohmann_json/include/nlohmann/json.hpp
[0.750s] -- Up-to-date: /home/fudanrobotuser/fd_humanoid_robot/install/nlohmann_json/include/nlohmann/json_fwd.hpp
[0.750s] -- Up-to-date: /home/fudanrobotuser/fd_humanoid_robot/install/nlohmann_json/include/nlohmann/thirdparty
[0.750s] -- Up-to-date: /home/fudanrobotuser/fd_humanoid_robot/install/nlohmann_json/include/nlohmann/thirdparty/hedley
[0.750s] -- Up-to-date: /home/fudanrobotuser/fd_humanoid_robot/install/nlohmann_json/include/nlohmann/thirdparty/hedley/hedley_undef.hpp
[0.750s] -- Up-to-date: /home/fudanrobotuser/fd_humanoid_robot/install/nlohmann_json/include/nlohmann/thirdparty/hedley/hedley.hpp
[0.750s] -- Up-to-date: /home/fudanrobotuser/fd_humanoid_robot/install/nlohmann_json/include/nlohmann/byte_container_with_subtype.hpp
[0.750s] -- Up-to-date: /home/fudanrobotuser/fd_humanoid_robot/install/nlohmann_json/share/cmake/nlohmann_json/nlohmann_jsonConfig.cmake
[0.750s] -- Up-to-date: /home/fudanrobotuser/fd_humanoid_robot/install/nlohmann_json/share/cmake/nlohmann_json/nlohmann_jsonConfigVersion.cmake
[0.751s] -- Up-to-date: /home/fudanrobotuser/fd_humanoid_robot/install/nlohmann_json/share/cmake/nlohmann_json/nlohmann_jsonTargets.cmake
[0.751s] -- Up-to-date: /home/fudanrobotuser/fd_humanoid_robot/install/nlohmann_json/share/pkgconfig/nlohmann_json.pc
[0.751s] Invoked command in '/home/fudanrobotuser/fd_humanoid_robot/build/nlohmann_json' returned '0': /usr/bin/cmake --install /home/fudanrobotuser/fd_humanoid_robot/build/nlohmann_json
