-- The CXX compiler identification is GNU 11.4.0
-- Detecting CXX compiler ABI info
-- Detecting CXX compiler ABI info - done
-- Check for working CXX compiler: /usr/bin/c++ - skipped
-- Detecting CXX compile features
-- Detecting CXX compile features - done
-- Using the multi-header code from /home/fudanrobotuser/fd_humanoid_robot/src/json-develop/include/
-- Found Git: /usr/bin/git (found version "2.34.1") 
-- Operating system: Linux-5.15.0-1064-realtime; Distributor ID:	Ubuntu; Description:	Ubuntu 22.04.4 LTS; Release:	22.04; Codename:	jammy; Linux fudanrobotuser-Not-Specified 5.15.0-1064-realtime #72-Ubuntu SMP PREEMPT_RT Wed May 15 15:52:13 UTC 2024 x86_64 x86_64 x86_64 GNU/Linux
-- Compiler: c++ (Ubuntu 11.4.0-1ubuntu1~22.04) 11.4.0; Copyright (C) 2021 Free Software Foundation, Inc.; This is free software; see the source for copying conditions.  There is NO; warranty; not even for MERCHANTABILITY or FITNESS FOR A PARTICULAR PURPOSE.
-- Testing standards: 11 14 17 20 23
-- Looking for C++ include sys/types.h
-- Looking for C++ include sys/types.h - found
-- Looking for C++ include stdint.h
-- Looking for C++ include stdint.h - found
-- Looking for C++ include stddef.h
-- Looking for C++ include stddef.h - found
-- Check size of size_t
-- Check size of size_t - done
-- Configuring done
-- Generating done
-- Build files have been written to: /home/fudanrobotuser/fd_humanoid_robot/build/nlohmann_json
[  0%] [32mBuilding CXX object tests/abi/diag/CMakeFiles/abi_compat_diag_off.dir/diag_off.cpp.o[0m
[  1%] [32mBuilding CXX object tests/CMakeFiles/test_main.dir/src/unit.cpp.o[0m
[  1%] [32mBuilding CXX object tests/abi/CMakeFiles/abi_compat_main.dir/main.cpp.o[0m
[  1%] [32mBuilding CXX object tests/abi/diag/CMakeFiles/abi_compat_diag_on.dir/diag_on.cpp.o[0m
[  2%] [32m[1mLinking CXX static library libabi_compat_diag_off.a[0m
[  2%] Built target abi_compat_diag_off
[  3%] [32m[1mLinking CXX static library libabi_compat_diag_on.a[0m
[  3%] Built target abi_compat_diag_on
[  3%] Built target test_main
[  4%] [32mBuilding CXX object tests/CMakeFiles/test-allocator_cpp11.dir/src/unit-allocator.cpp.o[0m
[  4%] [32mBuilding CXX object tests/CMakeFiles/test-alt-string_cpp11.dir/src/unit-alt-string.cpp.o[0m
[  5%] [32mBuilding CXX object tests/CMakeFiles/test-algorithms_cpp11.dir/src/unit-algorithms.cpp.o[0m
[  5%] [32mBuilding CXX object tests/CMakeFiles/test-assert_macro_cpp11.dir/src/unit-assert_macro.cpp.o[0m
[  6%] [32mBuilding CXX object tests/CMakeFiles/test-bjdata_cpp11.dir/src/unit-bjdata.cpp.o[0m
[  6%] [32mBuilding CXX object tests/CMakeFiles/test-binary_formats_cpp11.dir/src/unit-binary_formats.cpp.o[0m
[  7%] [32mBuilding CXX object tests/CMakeFiles/test-bson_cpp11.dir/src/unit-bson.cpp.o[0m
[  7%] [32mBuilding CXX object tests/CMakeFiles/test-capacity_cpp11.dir/src/unit-capacity.cpp.o[0m
[  8%] [32mBuilding CXX object tests/CMakeFiles/test-byte_container_with_subtype_cpp11.dir/src/unit-byte_container_with_subtype.cpp.o[0m
[  9%] [32m[1mLinking CXX static library libabi_compat_main.a[0m
[  9%] Built target abi_compat_main
[  9%] [32mBuilding CXX object tests/CMakeFiles/test-cbor_cpp11.dir/src/unit-cbor.cpp.o[0m
[ 10%] [32m[1mLinking CXX executable test-assert_macro_cpp11[0m
[ 11%] [32m[1mLinking CXX executable test-byte_container_with_subtype_cpp11[0m
[ 11%] Built target test-byte_container_with_subtype_cpp11
[ 11%] Built target test-assert_macro_cpp11
[ 12%] [32mBuilding CXX object tests/CMakeFiles/test-class_const_iterator_cpp11.dir/src/unit-class_const_iterator.cpp.o[0m
[ 13%] [32mBuilding CXX object tests/CMakeFiles/test-class_iterator_cpp11.dir/src/unit-class_iterator.cpp.o[0m
[ 14%] [32m[1mLinking CXX executable test-capacity_cpp11[0m
[ 14%] Built target test-capacity_cpp11
[ 15%] [32mBuilding CXX object tests/CMakeFiles/test-class_lexer_cpp11.dir/src/unit-class_lexer.cpp.o[0m
[ 15%] [32m[1mLinking CXX executable test-algorithms_cpp11[0m
[ 16%] [32m[1mLinking CXX executable test-allocator_cpp11[0m
[ 16%] Built target test-algorithms_cpp11
[ 16%] [32mBuilding CXX object tests/CMakeFiles/test-class_parser_cpp11.dir/src/unit-class_parser.cpp.o[0m
[ 16%] Built target test-allocator_cpp11
[ 16%] [32mBuilding CXX object tests/CMakeFiles/test-comparison_cpp11.dir/src/unit-comparison.cpp.o[0m
[ 17%] [32m[1mLinking CXX executable test-class_lexer_cpp11[0m
[ 18%] [32m[1mLinking CXX executable test-binary_formats_cpp11[0m
[ 18%] Built target test-class_lexer_cpp11
[ 18%] [32mBuilding CXX object tests/CMakeFiles/test-comparison_cpp20.dir/src/unit-comparison.cpp.o[0m
[ 19%] [32m[1mLinking CXX executable test-alt-string_cpp11[0m
[ 19%] Built target test-binary_formats_cpp11
[ 20%] [32mBuilding CXX object tests/CMakeFiles/test-concepts_cpp11.dir/src/unit-concepts.cpp.o[0m
[ 20%] Built target test-alt-string_cpp11
[ 20%] [32m[1mLinking CXX executable test-class_const_iterator_cpp11[0m
[ 20%] [32mBuilding CXX object tests/CMakeFiles/test-constructor1_cpp11.dir/src/unit-constructor1.cpp.o[0m
[ 20%] [32m[1mLinking CXX executable test-class_iterator_cpp11[0m
[ 20%] Built target test-class_const_iterator_cpp11
[ 20%] Built target test-class_iterator_cpp11
[ 20%] [32mBuilding CXX object tests/CMakeFiles/test-constructor2_cpp11.dir/src/unit-constructor2.cpp.o[0m
[ 21%] [32mBuilding CXX object tests/CMakeFiles/test-convenience_cpp11.dir/src/unit-convenience.cpp.o[0m
[ 21%] [32m[1mLinking CXX executable test-bson_cpp11[0m
[ 21%] Built target test-bson_cpp11
[ 22%] [32mBuilding CXX object tests/CMakeFiles/test-conversions_cpp11.dir/src/unit-conversions.cpp.o[0m
[ 23%] [32m[1mLinking CXX executable test-concepts_cpp11[0m
[ 23%] [32m[1mLinking CXX executable test-convenience_cpp11[0m
[ 23%] Built target test-concepts_cpp11
[ 24%] [32mBuilding CXX object tests/CMakeFiles/test-conversions_cpp17.dir/src/unit-conversions.cpp.o[0m
[ 24%] Built target test-convenience_cpp11
[ 24%] [32mBuilding CXX object tests/CMakeFiles/test-custom-base-class_cpp11.dir/src/unit-custom-base-class.cpp.o[0m
[ 25%] [32m[1mLinking CXX executable test-constructor2_cpp11[0m
[ 26%] [32m[1mLinking CXX executable test-comparison_cpp11[0m
[ 26%] Built target test-comparison_cpp11
[ 26%] Built target test-constructor2_cpp11
[ 26%] [32mBuilding CXX object tests/CMakeFiles/test-deserialization_cpp11.dir/src/unit-deserialization.cpp.o[0m
[ 27%] [32mBuilding CXX object tests/CMakeFiles/test-diagnostics_cpp11.dir/src/unit-diagnostics.cpp.o[0m
[ 28%] [32m[1mLinking CXX executable test-comparison_cpp20[0m
[ 28%] Built target test-comparison_cpp20
[ 29%] [32mBuilding CXX object tests/CMakeFiles/test-disabled_exceptions_cpp11.dir/src/unit-disabled_exceptions.cpp.o[0m
[ 30%] [32m[1mLinking CXX executable test-cbor_cpp11[0m
[ 30%] Built target test-cbor_cpp11
[ 31%] [32mBuilding CXX object tests/CMakeFiles/test-element_access1_cpp11.dir/src/unit-element_access1.cpp.o[0m
[ 31%] [32m[1mLinking CXX executable test-diagnostics_cpp11[0m
[ 32%] [32m[1mLinking CXX executable test-class_parser_cpp11[0m
[ 32%] Built target test-diagnostics_cpp11
[ 33%] [32mBuilding CXX object tests/CMakeFiles/test-element_access2_cpp11.dir/src/unit-element_access2.cpp.o[0m
[ 33%] Built target test-class_parser_cpp11
[ 34%] [32m[1mLinking CXX executable test-constructor1_cpp11[0m
[ 34%] [32mBuilding CXX object tests/CMakeFiles/test-element_access2_cpp14.dir/src/unit-element_access2.cpp.o[0m
[ 35%] [32m[1mLinking CXX executable test-custom-base-class_cpp11[0m
[ 35%] Built target test-constructor1_cpp11
[ 35%] [32mBuilding CXX object tests/CMakeFiles/test-element_access2_cpp17.dir/src/unit-element_access2.cpp.o[0m
[ 35%] Built target test-custom-base-class_cpp11
[ 36%] [32mBuilding CXX object tests/CMakeFiles/test-hash_cpp11.dir/src/unit-hash.cpp.o[0m
[ 36%] [32m[1mLinking CXX executable test-bjdata_cpp11[0m
[ 36%] Built target test-bjdata_cpp11
[ 37%] [32mBuilding CXX object tests/CMakeFiles/test-inspection_cpp11.dir/src/unit-inspection.cpp.o[0m
[ 37%] [32m[1mLinking CXX executable test-disabled_exceptions_cpp11[0m
[ 37%] Built target test-disabled_exceptions_cpp11
[ 38%] [32mBuilding CXX object tests/CMakeFiles/test-items_cpp11.dir/src/unit-items.cpp.o[0m
[ 38%] [32m[1mLinking CXX executable test-element_access1_cpp11[0m
[ 38%] Built target test-element_access1_cpp11
[ 38%] [32mBuilding CXX object tests/CMakeFiles/test-items_cpp17.dir/src/unit-items.cpp.o[0m
[ 38%] [32m[1mLinking CXX executable test-hash_cpp11[0m
[ 38%] Built target test-hash_cpp11
[ 38%] [32mBuilding CXX object tests/CMakeFiles/test-iterators1_cpp11.dir/src/unit-iterators1.cpp.o[0m
[ 39%] [32m[1mLinking CXX executable test-items_cpp11[0m
[ 39%] [32m[1mLinking CXX executable test-inspection_cpp11[0m
[ 39%] Built target test-items_cpp11
[ 39%] Built target test-inspection_cpp11
[ 40%] [32mBuilding CXX object tests/CMakeFiles/test-iterators2_cpp11.dir/src/unit-iterators2.cpp.o[0m
[ 41%] [32mBuilding CXX object tests/CMakeFiles/test-iterators2_cpp20.dir/src/unit-iterators2.cpp.o[0m
[ 41%] [32m[1mLinking CXX executable test-conversions_cpp11[0m
[ 41%] Built target test-conversions_cpp11
[ 42%] [32mBuilding CXX object tests/CMakeFiles/test-json_patch_cpp11.dir/src/unit-json_patch.cpp.o[0m
[ 43%] [32m[1mLinking CXX executable test-element_access2_cpp11[0m
[ 43%] Built target test-element_access2_cpp11
[ 44%] [32mBuilding CXX object tests/CMakeFiles/test-json_pointer_cpp11.dir/src/unit-json_pointer.cpp.o[0m
[ 45%] [32m[1mLinking CXX executable test-items_cpp17[0m
[ 46%] [32m[1mLinking CXX executable test-conversions_cpp17[0m
[ 46%] Built target test-items_cpp17
[ 46%] [32mBuilding CXX object tests/CMakeFiles/test-json_pointer_cpp20.dir/src/unit-json_pointer.cpp.o[0m
[ 47%] [32m[1mLinking CXX executable test-iterators1_cpp11[0m
[ 47%] Built target test-conversions_cpp17
[ 47%] [32mBuilding CXX object tests/CMakeFiles/test-large_json_cpp11.dir/src/unit-large_json.cpp.o[0m
[ 47%] Built target test-iterators1_cpp11
[ 48%] [32mBuilding CXX object tests/CMakeFiles/test-merge_patch_cpp11.dir/src/unit-merge_patch.cpp.o[0m
[ 48%] [32m[1mLinking CXX executable test-iterators2_cpp11[0m
[ 48%] Built target test-iterators2_cpp11
[ 49%] [32m[1mLinking CXX executable test-element_access2_cpp14[0m
[ 50%] [32mBuilding CXX object tests/CMakeFiles/test-meta_cpp11.dir/src/unit-meta.cpp.o[0m
[ 50%] Built target test-element_access2_cpp14
[ 51%] [32mBuilding CXX object tests/CMakeFiles/test-modifiers_cpp11.dir/src/unit-modifiers.cpp.o[0m
[ 52%] [32m[1mLinking CXX executable test-element_access2_cpp17[0m
[ 52%] [32m[1mLinking CXX executable test-iterators2_cpp20[0m
[ 52%] Built target test-element_access2_cpp17
[ 52%] [32mBuilding CXX object tests/CMakeFiles/test-msgpack_cpp11.dir/src/unit-msgpack.cpp.o[0m
[ 53%] [32m[1mLinking CXX executable test-large_json_cpp11[0m
[ 53%] Built target test-iterators2_cpp20
[ 53%] [32mBuilding CXX object tests/CMakeFiles/test-no-mem-leak-on-adl-serialize_cpp11.dir/src/unit-no-mem-leak-on-adl-serialize.cpp.o[0m
[ 53%] Built target test-large_json_cpp11
[ 54%] [32mBuilding CXX object tests/CMakeFiles/test-noexcept_cpp11.dir/src/unit-noexcept.cpp.o[0m
[ 55%] [32m[1mLinking CXX executable test-deserialization_cpp11[0m
[ 55%] Built target test-deserialization_cpp11
[ 56%] [32mBuilding CXX object tests/CMakeFiles/test-ordered_json_cpp11.dir/src/unit-ordered_json.cpp.o[0m
[ 56%] [32m[1mLinking CXX executable test-json_patch_cpp11[0m
[ 56%] [32m[1mLinking CXX executable test-merge_patch_cpp11[0m
[ 56%] [32m[1mLinking CXX executable test-meta_cpp11[0m
[ 56%] Built target test-merge_patch_cpp11
[ 57%] [32m[1mLinking CXX executable test-noexcept_cpp11[0m
[ 57%] [32mBuilding CXX object tests/CMakeFiles/test-ordered_map_cpp11.dir/src/unit-ordered_map.cpp.o[0m
[ 57%] Built target test-json_patch_cpp11
[ 57%] [32mBuilding CXX object tests/CMakeFiles/test-pointer_access_cpp11.dir/src/unit-pointer_access.cpp.o[0m
[ 57%] Built target test-meta_cpp11
[ 57%] [32mBuilding CXX object tests/CMakeFiles/test-readme_cpp11.dir/src/unit-readme.cpp.o[0m
[ 57%] Built target test-noexcept_cpp11
[ 57%] [32mBuilding CXX object tests/CMakeFiles/test-reference_access_cpp11.dir/src/unit-reference_access.cpp.o[0m
[ 58%] [32m[1mLinking CXX executable test-no-mem-leak-on-adl-serialize_cpp11[0m
[ 58%] Built target test-no-mem-leak-on-adl-serialize_cpp11
[ 59%] [32mBuilding CXX object tests/CMakeFiles/test-regression1_cpp11.dir/src/unit-regression1.cpp.o[0m
[ 60%] [32m[1mLinking CXX executable test-json_pointer_cpp11[0m
[ 60%] Built target test-json_pointer_cpp11
[ 61%] [32mBuilding CXX object tests/CMakeFiles/test-regression1_cpp17.dir/src/unit-regression1.cpp.o[0m
[ 62%] [32m[1mLinking CXX executable test-ordered_map_cpp11[0m
[ 63%] [32m[1mLinking CXX executable test-modifiers_cpp11[0m
[ 63%] Built target test-modifiers_cpp11
[ 64%] [32mBuilding CXX object tests/CMakeFiles/test-regression2_cpp11.dir/src/unit-regression2.cpp.o[0m
[ 64%] Built target test-ordered_map_cpp11
[ 64%] [32mBuilding CXX object tests/CMakeFiles/test-regression2_cpp17.dir/src/unit-regression2.cpp.o[0m
[ 64%] [32m[1mLinking CXX executable test-ordered_json_cpp11[0m
[ 65%] [32m[1mLinking CXX executable test-json_pointer_cpp20[0m
[ 65%] Built target test-ordered_json_cpp11
[ 65%] [32mBuilding CXX object tests/CMakeFiles/test-regression2_cpp20.dir/src/unit-regression2.cpp.o[0m
[ 65%] Built target test-json_pointer_cpp20
[ 66%] [32mBuilding CXX object tests/CMakeFiles/test-serialization_cpp11.dir/src/unit-serialization.cpp.o[0m
[ 67%] [32m[1mLinking CXX executable test-pointer_access_cpp11[0m
[ 68%] [32m[1mLinking CXX executable test-reference_access_cpp11[0m
[ 68%] Built target test-pointer_access_cpp11
[ 69%] [32mBuilding CXX object tests/CMakeFiles/test-testsuites_cpp11.dir/src/unit-testsuites.cpp.o[0m
[ 69%] Built target test-reference_access_cpp11
[ 70%] [32mBuilding CXX object tests/CMakeFiles/test-to_chars_cpp11.dir/src/unit-to_chars.cpp.o[0m
[ 71%] [32m[1mLinking CXX executable test-msgpack_cpp11[0m
[ 72%] [32m[1mLinking CXX executable test-readme_cpp11[0m
[ 72%] [32m[1mLinking CXX executable test-serialization_cpp11[0m
[ 72%] Built target test-readme_cpp11
[ 72%] [32mBuilding CXX object tests/CMakeFiles/test-type_traits_cpp11.dir/src/unit-type_traits.cpp.o[0m
[ 72%] Built target test-msgpack_cpp11
[ 72%] [32mBuilding CXX object tests/CMakeFiles/test-ubjson_cpp11.dir/src/unit-ubjson.cpp.o[0m
[ 72%] Built target test-serialization_cpp11
[ 72%] [32mBuilding CXX object tests/CMakeFiles/test-udl_cpp11.dir/src/unit-udl.cpp.o[0m
[ 73%] [32m[1mLinking CXX executable test-to_chars_cpp11[0m
[ 74%] [32m[1mLinking CXX executable test-type_traits_cpp11[0m
[ 74%] Built target test-to_chars_cpp11
[ 74%] Built target test-type_traits_cpp11
[ 75%] [32mBuilding CXX object tests/CMakeFiles/test-udt_cpp11.dir/src/unit-udt.cpp.o[0m
[ 76%] [32mBuilding CXX object tests/CMakeFiles/test-udt_macro_cpp11.dir/src/unit-udt_macro.cpp.o[0m
[ 76%] [32m[1mLinking CXX executable test-testsuites_cpp11[0m
[ 76%] Built target test-testsuites_cpp11
[ 77%] [32mBuilding CXX object tests/CMakeFiles/test-unicode1_cpp11.dir/src/unit-unicode1.cpp.o[0m
[ 78%] [32m[1mLinking CXX executable test-udl_cpp11[0m
[ 78%] Built target test-udl_cpp11
[ 78%] [32mBuilding CXX object tests/CMakeFiles/test-unicode2_cpp11.dir/src/unit-unicode2.cpp.o[0m
[ 78%] [32m[1mLinking CXX executable test-udt_macro_cpp11[0m
[ 79%] [32m[1mLinking CXX executable test-unicode2_cpp11[0m
[ 80%] [32m[1mLinking CXX executable test-unicode1_cpp11[0m
[ 80%] Built target test-udt_macro_cpp11
[ 80%] [32mBuilding CXX object tests/CMakeFiles/test-unicode3_cpp11.dir/src/unit-unicode3.cpp.o[0m
[ 80%] Built target test-unicode1_cpp11
[ 80%] Built target test-unicode2_cpp11
[ 81%] [32mBuilding CXX object tests/CMakeFiles/test-unicode4_cpp11.dir/src/unit-unicode4.cpp.o[0m
[ 82%] [32mBuilding CXX object tests/CMakeFiles/test-unicode5_cpp11.dir/src/unit-unicode5.cpp.o[0m
[ 82%] [32m[1mLinking CXX executable test-regression1_cpp11[0m
[ 82%] Built target test-regression1_cpp11
[ 83%] [32mBuilding CXX object tests/CMakeFiles/test-user_defined_input_cpp11.dir/src/unit-user_defined_input.cpp.o[0m
[ 83%] [32m[1mLinking CXX executable test-udt_cpp11[0m
[ 83%] Built target test-udt_cpp11
[ 84%] [32m[1mLinking CXX executable test-regression2_cpp11[0m
[ 84%] [32mBuilding CXX object tests/CMakeFiles/test-windows_h_cpp11.dir/src/unit-windows_h.cpp.o[0m
[ 85%] [32m[1mLinking CXX executable test-unicode3_cpp11[0m
[ 85%] Built target test-unicode3_cpp11
[ 85%] [32mBuilding CXX object tests/CMakeFiles/test-wstring_cpp11.dir/src/unit-wstring.cpp.o[0m
[ 86%] [32m[1mLinking CXX executable test-ubjson_cpp11[0m
[ 86%] Built target test-regression2_cpp11
[ 86%] [32m[1mLinking CXX executable test-unicode4_cpp11[0m
[ 87%] [32mBuilding CXX object tests/CMakeFiles/test-comparison_legacy_cpp11.dir/src/unit-comparison.cpp.o[0m
[ 87%] [32m[1mLinking CXX executable test-regression1_cpp17[0m
[ 87%] Built target test-unicode4_cpp11
[ 87%] Built target test-ubjson_cpp11
[ 88%] [32mBuilding CXX object tests/abi/config/CMakeFiles/abi_config_default.dir/default.cpp.o[0m
[ 89%] [32mBuilding CXX object tests/CMakeFiles/test-comparison_legacy_cpp20.dir/src/unit-comparison.cpp.o[0m
[ 89%] [32m[1mLinking CXX executable test-unicode5_cpp11[0m
[ 90%] [32m[1mLinking CXX executable test-regression2_cpp17[0m
[ 90%] Built target test-regression1_cpp17
[ 90%] Built target test-unicode5_cpp11
[ 90%] Built target test-regression2_cpp17
[ 91%] [32m[1mLinking CXX executable test-user_defined_input_cpp11[0m
[ 92%] [32m[1mLinking CXX executable test-windows_h_cpp11[0m
[ 92%] Built target test-user_defined_input_cpp11
[ 92%] Built target test-windows_h_cpp11
[ 93%] [32m[1mLinking CXX executable test-regression2_cpp20[0m
[ 93%] Built target test-regression2_cpp20
[ 93%] [32m[1mLinking CXX executable test-comparison_legacy_cpp11[0m
[ 94%] [32m[1mLinking CXX executable test-wstring_cpp11[0m
[ 94%] Built target test-comparison_legacy_cpp11
[ 94%] [32m[1mLinking CXX executable abi_config_default[0m
[ 94%] Built target test-wstring_cpp11
[ 94%] Built target abi_config_default
[ 94%] [32m[1mLinking CXX executable test-comparison_legacy_cpp20[0m
[ 94%] Built target test-comparison_legacy_cpp20
[ 95%] [32mBuilding CXX object tests/abi/diag/CMakeFiles/abi_compat_diag.dir/diag.cpp.o[0m
[ 95%] [32mBuilding CXX object tests/abi/inline_ns/CMakeFiles/abi_compat_inline_ns.dir/use_current.cpp.o[0m
[ 95%] [32mBuilding CXX object tests/abi/inline_ns/CMakeFiles/abi_compat_inline_ns.dir/use_v3_10_5.cpp.o[0m
[ 96%] [32m[1mLinking CXX executable abi_compat_diag[0m
[ 96%] Built target abi_compat_diag
[ 98%] [32mBuilding CXX object tests/abi/config/CMakeFiles/abi_config_custom.dir/custom.cpp.o[0m
[ 98%] [32mBuilding CXX object tests/abi/config/CMakeFiles/abi_config_noversion.dir/noversion.cpp.o[0m
[ 99%] [32m[1mLinking CXX executable abi_compat_inline_ns[0m
[ 99%] [32m[1mLinking CXX executable abi_config_custom[0m
[ 99%] Built target abi_compat_inline_ns
[100%] [32m[1mLinking CXX executable abi_config_noversion[0m
[100%] Built target abi_config_custom
[100%] Built target abi_config_noversion
-- Install configuration: ""
-- Installing: /home/fudanrobotuser/fd_humanoid_robot/install/nlohmann_json/include
-- Installing: /home/fudanrobotuser/fd_humanoid_robot/install/nlohmann_json/include/nlohmann
-- Installing: /home/fudanrobotuser/fd_humanoid_robot/install/nlohmann_json/include/nlohmann/adl_serializer.hpp
-- Installing: /home/fudanrobotuser/fd_humanoid_robot/install/nlohmann_json/include/nlohmann/detail
-- Installing: /home/fudanrobotuser/fd_humanoid_robot/install/nlohmann_json/include/nlohmann/detail/input
-- Installing: /home/fudanrobotuser/fd_humanoid_robot/install/nlohmann_json/include/nlohmann/detail/input/input_adapters.hpp
-- Installing: /home/fudanrobotuser/fd_humanoid_robot/install/nlohmann_json/include/nlohmann/detail/input/lexer.hpp
-- Installing: /home/fudanrobotuser/fd_humanoid_robot/install/nlohmann_json/include/nlohmann/detail/input/json_sax.hpp
-- Installing: /home/fudanrobotuser/fd_humanoid_robot/install/nlohmann_json/include/nlohmann/detail/input/position_t.hpp
-- Installing: /home/fudanrobotuser/fd_humanoid_robot/install/nlohmann_json/include/nlohmann/detail/input/parser.hpp
-- Installing: /home/fudanrobotuser/fd_humanoid_robot/install/nlohmann_json/include/nlohmann/detail/input/binary_reader.hpp
-- Installing: /home/fudanrobotuser/fd_humanoid_robot/install/nlohmann_json/include/nlohmann/detail/json_ref.hpp
-- Installing: /home/fudanrobotuser/fd_humanoid_robot/install/nlohmann_json/include/nlohmann/detail/meta
-- Installing: /home/fudanrobotuser/fd_humanoid_robot/install/nlohmann_json/include/nlohmann/detail/meta/void_t.hpp
-- Installing: /home/fudanrobotuser/fd_humanoid_robot/install/nlohmann_json/include/nlohmann/detail/meta/cpp_future.hpp
-- Installing: /home/fudanrobotuser/fd_humanoid_robot/install/nlohmann_json/include/nlohmann/detail/meta/call_std
-- Installing: /home/fudanrobotuser/fd_humanoid_robot/install/nlohmann_json/include/nlohmann/detail/meta/call_std/begin.hpp
-- Installing: /home/fudanrobotuser/fd_humanoid_robot/install/nlohmann_json/include/nlohmann/detail/meta/call_std/end.hpp
-- Installing: /home/fudanrobotuser/fd_humanoid_robot/install/nlohmann_json/include/nlohmann/detail/meta/detected.hpp
-- Installing: /home/fudanrobotuser/fd_humanoid_robot/install/nlohmann_json/include/nlohmann/detail/meta/std_fs.hpp
-- Installing: /home/fudanrobotuser/fd_humanoid_robot/install/nlohmann_json/include/nlohmann/detail/meta/type_traits.hpp
-- Installing: /home/fudanrobotuser/fd_humanoid_robot/install/nlohmann_json/include/nlohmann/detail/meta/is_sax.hpp
-- Installing: /home/fudanrobotuser/fd_humanoid_robot/install/nlohmann_json/include/nlohmann/detail/meta/identity_tag.hpp
-- Installing: /home/fudanrobotuser/fd_humanoid_robot/install/nlohmann_json/include/nlohmann/detail/string_escape.hpp
-- Installing: /home/fudanrobotuser/fd_humanoid_robot/install/nlohmann_json/include/nlohmann/detail/abi_macros.hpp
-- Installing: /home/fudanrobotuser/fd_humanoid_robot/install/nlohmann_json/include/nlohmann/detail/hash.hpp
-- Installing: /home/fudanrobotuser/fd_humanoid_robot/install/nlohmann_json/include/nlohmann/detail/output
-- Installing: /home/fudanrobotuser/fd_humanoid_robot/install/nlohmann_json/include/nlohmann/detail/output/serializer.hpp
-- Installing: /home/fudanrobotuser/fd_humanoid_robot/install/nlohmann_json/include/nlohmann/detail/output/binary_writer.hpp
-- Installing: /home/fudanrobotuser/fd_humanoid_robot/install/nlohmann_json/include/nlohmann/detail/output/output_adapters.hpp
-- Installing: /home/fudanrobotuser/fd_humanoid_robot/install/nlohmann_json/include/nlohmann/detail/json_custom_base_class.hpp
-- Installing: /home/fudanrobotuser/fd_humanoid_robot/install/nlohmann_json/include/nlohmann/detail/json_pointer.hpp
-- Installing: /home/fudanrobotuser/fd_humanoid_robot/install/nlohmann_json/include/nlohmann/detail/value_t.hpp
-- Installing: /home/fudanrobotuser/fd_humanoid_robot/install/nlohmann_json/include/nlohmann/detail/conversions
-- Installing: /home/fudanrobotuser/fd_humanoid_robot/install/nlohmann_json/include/nlohmann/detail/conversions/to_chars.hpp
-- Installing: /home/fudanrobotuser/fd_humanoid_robot/install/nlohmann_json/include/nlohmann/detail/conversions/to_json.hpp
-- Installing: /home/fudanrobotuser/fd_humanoid_robot/install/nlohmann_json/include/nlohmann/detail/conversions/from_json.hpp
-- Installing: /home/fudanrobotuser/fd_humanoid_robot/install/nlohmann_json/include/nlohmann/detail/macro_unscope.hpp
-- Installing: /home/fudanrobotuser/fd_humanoid_robot/install/nlohmann_json/include/nlohmann/detail/string_concat.hpp
-- Installing: /home/fudanrobotuser/fd_humanoid_robot/install/nlohmann_json/include/nlohmann/detail/macro_scope.hpp
-- Installing: /home/fudanrobotuser/fd_humanoid_robot/install/nlohmann_json/include/nlohmann/detail/iterators
-- Installing: /home/fudanrobotuser/fd_humanoid_robot/install/nlohmann_json/include/nlohmann/detail/iterators/iteration_proxy.hpp
-- Installing: /home/fudanrobotuser/fd_humanoid_robot/install/nlohmann_json/include/nlohmann/detail/iterators/iter_impl.hpp
-- Installing: /home/fudanrobotuser/fd_humanoid_robot/install/nlohmann_json/include/nlohmann/detail/iterators/json_reverse_iterator.hpp
-- Installing: /home/fudanrobotuser/fd_humanoid_robot/install/nlohmann_json/include/nlohmann/detail/iterators/iterator_traits.hpp
-- Installing: /home/fudanrobotuser/fd_humanoid_robot/install/nlohmann_json/include/nlohmann/detail/iterators/internal_iterator.hpp
-- Installing: /home/fudanrobotuser/fd_humanoid_robot/install/nlohmann_json/include/nlohmann/detail/iterators/primitive_iterator.hpp
-- Installing: /home/fudanrobotuser/fd_humanoid_robot/install/nlohmann_json/include/nlohmann/detail/exceptions.hpp
-- Installing: /home/fudanrobotuser/fd_humanoid_robot/install/nlohmann_json/include/nlohmann/ordered_map.hpp
-- Installing: /home/fudanrobotuser/fd_humanoid_robot/install/nlohmann_json/include/nlohmann/json.hpp
-- Installing: /home/fudanrobotuser/fd_humanoid_robot/install/nlohmann_json/include/nlohmann/json_fwd.hpp
-- Installing: /home/fudanrobotuser/fd_humanoid_robot/install/nlohmann_json/include/nlohmann/thirdparty
-- Installing: /home/fudanrobotuser/fd_humanoid_robot/install/nlohmann_json/include/nlohmann/thirdparty/hedley
-- Installing: /home/fudanrobotuser/fd_humanoid_robot/install/nlohmann_json/include/nlohmann/thirdparty/hedley/hedley_undef.hpp
-- Installing: /home/fudanrobotuser/fd_humanoid_robot/install/nlohmann_json/include/nlohmann/thirdparty/hedley/hedley.hpp
-- Installing: /home/fudanrobotuser/fd_humanoid_robot/install/nlohmann_json/include/nlohmann/byte_container_with_subtype.hpp
-- Installing: /home/fudanrobotuser/fd_humanoid_robot/install/nlohmann_json/share/cmake/nlohmann_json/nlohmann_jsonConfig.cmake
-- Installing: /home/fudanrobotuser/fd_humanoid_robot/install/nlohmann_json/share/cmake/nlohmann_json/nlohmann_jsonConfigVersion.cmake
-- Installing: /home/fudanrobotuser/fd_humanoid_robot/install/nlohmann_json/share/cmake/nlohmann_json/nlohmann_jsonTargets.cmake
-- Installing: /home/fudanrobotuser/fd_humanoid_robot/install/nlohmann_json/share/pkgconfig/nlohmann_json.pc
