running egg_info
creating ../../build/neural_network_module/neural_network_module.egg-info
writing ../../build/neural_network_module/neural_network_module.egg-info/PKG-INFO
writing dependency_links to ../../build/neural_network_module/neural_network_module.egg-info/dependency_links.txt
writing entry points to ../../build/neural_network_module/neural_network_module.egg-info/entry_points.txt
writing requirements to ../../build/neural_network_module/neural_network_module.egg-info/requires.txt
writing top-level names to ../../build/neural_network_module/neural_network_module.egg-info/top_level.txt
writing manifest file '../../build/neural_network_module/neural_network_module.egg-info/SOURCES.txt'
reading manifest file '../../build/neural_network_module/neural_network_module.egg-info/SOURCES.txt'
writing manifest file '../../build/neural_network_module/neural_network_module.egg-info/SOURCES.txt'
running build
running build_py
creating /home/fudanrobotuser/fd_humanoid_robot/build/neural_network_module/build
creating /home/fudanrobotuser/fd_humanoid_robot/build/neural_network_module/build/lib
creating /home/fudanrobotuser/fd_humanoid_robot/build/neural_network_module/build/lib/neural_network_module
copying neural_network_module/neural_network_node.py -> /home/fudanrobotuser/fd_humanoid_robot/build/neural_network_module/build/lib/neural_network_module
copying neural_network_module/__init__.py -> /home/fudanrobotuser/fd_humanoid_robot/build/neural_network_module/build/lib/neural_network_module
running install
running install_lib
creating /home/fudanrobotuser/fd_humanoid_robot/install/neural_network_module/lib/python3.10/site-packages/neural_network_module
copying /home/fudanrobotuser/fd_humanoid_robot/build/neural_network_module/build/lib/neural_network_module/neural_network_node.py -> /home/fudanrobotuser/fd_humanoid_robot/install/neural_network_module/lib/python3.10/site-packages/neural_network_module
copying /home/fudanrobotuser/fd_humanoid_robot/build/neural_network_module/build/lib/neural_network_module/__init__.py -> /home/fudanrobotuser/fd_humanoid_robot/install/neural_network_module/lib/python3.10/site-packages/neural_network_module
byte-compiling /home/fudanrobotuser/fd_humanoid_robot/install/neural_network_module/lib/python3.10/site-packages/neural_network_module/neural_network_node.py to neural_network_node.cpython-310.pyc
byte-compiling /home/fudanrobotuser/fd_humanoid_robot/install/neural_network_module/lib/python3.10/site-packages/neural_network_module/__init__.py to __init__.cpython-310.pyc
running install_data
creating /home/fudanrobotuser/fd_humanoid_robot/install/neural_network_module/share/ament_index
creating /home/fudanrobotuser/fd_humanoid_robot/install/neural_network_module/share/ament_index/resource_index
creating /home/fudanrobotuser/fd_humanoid_robot/install/neural_network_module/share/ament_index/resource_index/packages
copying resource/neural_network_module -> /home/fudanrobotuser/fd_humanoid_robot/install/neural_network_module/share/ament_index/resource_index/packages
copying package.xml -> /home/fudanrobotuser/fd_humanoid_robot/install/neural_network_module/share/neural_network_module
running install_egg_info
Copying ../../build/neural_network_module/neural_network_module.egg-info to /home/fudanrobotuser/fd_humanoid_robot/install/neural_network_module/lib/python3.10/site-packages/neural_network_module-0.0.0-py3.10.egg-info
running install_scripts
Installing neural_network_node script to /home/fudanrobotuser/fd_humanoid_robot/install/neural_network_module/lib/neural_network_module
writing list of installed files to '/home/fudanrobotuser/fd_humanoid_robot/build/neural_network_module/install.log'
