[0.810s] Invoking command in '/home/fudanrobotuser/fd_humanoid_robot/src/neural_network_module': PYTHONPATH=/home/fudanrobotuser/fd_humanoid_robot/build/neural_network_module/prefix_override:/home/fudanrobotuser/fd_humanoid_robot/install/neural_network_module/lib/python3.10/site-packages:${PYTHONPATH} /usr/bin/python3 -W ignore:setup.py install is deprecated setup.py egg_info --egg-base ../../build/neural_network_module build --build-base /home/fudanrobotuser/fd_humanoid_robot/build/neural_network_module/build install --record /home/fudanrobotuser/fd_humanoid_robot/build/neural_network_module/install.log --single-version-externally-managed install_data
[1.075s] running egg_info
[1.075s] creating ../../build/neural_network_module/neural_network_module.egg-info
[1.075s] writing ../../build/neural_network_module/neural_network_module.egg-info/PKG-INFO
[1.076s] writing dependency_links to ../../build/neural_network_module/neural_network_module.egg-info/dependency_links.txt
[1.076s] writing entry points to ../../build/neural_network_module/neural_network_module.egg-info/entry_points.txt
[1.076s] writing requirements to ../../build/neural_network_module/neural_network_module.egg-info/requires.txt
[1.076s] writing top-level names to ../../build/neural_network_module/neural_network_module.egg-info/top_level.txt
[1.076s] writing manifest file '../../build/neural_network_module/neural_network_module.egg-info/SOURCES.txt'
[1.078s] reading manifest file '../../build/neural_network_module/neural_network_module.egg-info/SOURCES.txt'
[1.079s] writing manifest file '../../build/neural_network_module/neural_network_module.egg-info/SOURCES.txt'
[1.079s] running build
[1.079s] running build_py
[1.080s] creating /home/fudanrobotuser/fd_humanoid_robot/build/neural_network_module/build
[1.080s] creating /home/fudanrobotuser/fd_humanoid_robot/build/neural_network_module/build/lib
[1.080s] creating /home/fudanrobotuser/fd_humanoid_robot/build/neural_network_module/build/lib/neural_network_module
[1.080s] copying neural_network_module/neural_network_node.py -> /home/fudanrobotuser/fd_humanoid_robot/build/neural_network_module/build/lib/neural_network_module
[1.080s] copying neural_network_module/__init__.py -> /home/fudanrobotuser/fd_humanoid_robot/build/neural_network_module/build/lib/neural_network_module
[1.080s] running install
[1.080s] running install_lib
[1.081s] creating /home/fudanrobotuser/fd_humanoid_robot/install/neural_network_module/lib/python3.10/site-packages/neural_network_module
[1.081s] copying /home/fudanrobotuser/fd_humanoid_robot/build/neural_network_module/build/lib/neural_network_module/neural_network_node.py -> /home/fudanrobotuser/fd_humanoid_robot/install/neural_network_module/lib/python3.10/site-packages/neural_network_module
[1.081s] copying /home/fudanrobotuser/fd_humanoid_robot/build/neural_network_module/build/lib/neural_network_module/__init__.py -> /home/fudanrobotuser/fd_humanoid_robot/install/neural_network_module/lib/python3.10/site-packages/neural_network_module
[1.082s] byte-compiling /home/fudanrobotuser/fd_humanoid_robot/install/neural_network_module/lib/python3.10/site-packages/neural_network_module/neural_network_node.py to neural_network_node.cpython-310.pyc
[1.082s] byte-compiling /home/fudanrobotuser/fd_humanoid_robot/install/neural_network_module/lib/python3.10/site-packages/neural_network_module/__init__.py to __init__.cpython-310.pyc
[1.083s] running install_data
[1.083s] creating /home/fudanrobotuser/fd_humanoid_robot/install/neural_network_module/share/ament_index
[1.083s] creating /home/fudanrobotuser/fd_humanoid_robot/install/neural_network_module/share/ament_index/resource_index
[1.083s] creating /home/fudanrobotuser/fd_humanoid_robot/install/neural_network_module/share/ament_index/resource_index/packages
[1.083s] copying resource/neural_network_module -> /home/fudanrobotuser/fd_humanoid_robot/install/neural_network_module/share/ament_index/resource_index/packages
[1.083s] copying package.xml -> /home/fudanrobotuser/fd_humanoid_robot/install/neural_network_module/share/neural_network_module
[1.083s] running install_egg_info
[1.085s] Copying ../../build/neural_network_module/neural_network_module.egg-info to /home/fudanrobotuser/fd_humanoid_robot/install/neural_network_module/lib/python3.10/site-packages/neural_network_module-0.0.0-py3.10.egg-info
[1.086s] running install_scripts
[1.111s] Installing neural_network_node script to /home/fudanrobotuser/fd_humanoid_robot/install/neural_network_module/lib/neural_network_module
[1.111s] writing list of installed files to '/home/fudanrobotuser/fd_humanoid_robot/build/neural_network_module/install.log'
[1.136s] Invoked command in '/home/fudanrobotuser/fd_humanoid_robot/src/neural_network_module' returned '0': PYTHONPATH=/home/fudanrobotuser/fd_humanoid_robot/build/neural_network_module/prefix_override:/home/fudanrobotuser/fd_humanoid_robot/install/neural_network_module/lib/python3.10/site-packages:${PYTHONPATH} /usr/bin/python3 -W ignore:setup.py install is deprecated setup.py egg_info --egg-base ../../build/neural_network_module build --build-base /home/fudanrobotuser/fd_humanoid_robot/build/neural_network_module/build install --record /home/fudanrobotuser/fd_humanoid_robot/build/neural_network_module/install.log --single-version-externally-managed install_data
