[0.173s] Invoking command in '/home/fudanrobotuser/fd_humanoid_robot/build/robot_control_module': CMAKE_PREFIX_PATH=/opt/ros/humble /usr/bin/cmake --build /home/fudanrobotuser/fd_humanoid_robot/build/robot_control_module -- -j10 -l10
[0.270s] [ 33%] [32mBuilding CXX object CMakeFiles/robot_control_node.dir/src/trajectory_publisher_node.cpp.o[0m
[3.990s] [ 66%] [32m[1mLinking CXX executable robot_control_node[0m
[6.018s] [100%] Built target robot_control_node
[6.029s] Invoked command in '/home/fudanrobotuser/fd_humanoid_robot/build/robot_control_module' returned '0': CMAKE_PREFIX_PATH=/opt/ros/humble /usr/bin/cmake --build /home/fudanrobotuser/fd_humanoid_robot/build/robot_control_module -- -j10 -l10
[6.056s] Invoking command in '/home/fudanrobotuser/fd_humanoid_robot/build/robot_control_module': CMAKE_PREFIX_PATH=/opt/ros/humble /usr/bin/cmake --install /home/fudanrobotuser/fd_humanoid_robot/build/robot_control_module
[6.064s] -- Install configuration: ""
[6.064s] -- Installing: /home/fudanrobotuser/fd_humanoid_robot/install/robot_control_module/lib/robot_control_module/robot_control_node
[6.066s] -- Set runtime path of "/home/fudanrobotuser/fd_humanoid_robot/install/robot_control_module/lib/robot_control_module/robot_control_node" to ""
[6.067s] -- Up-to-date: /home/fudanrobotuser/fd_humanoid_robot/install/robot_control_module/share/ament_index/resource_index/package_run_dependencies/robot_control_module
[6.067s] -- Up-to-date: /home/fudanrobotuser/fd_humanoid_robot/install/robot_control_module/share/ament_index/resource_index/parent_prefix_path/robot_control_module
[6.067s] -- Up-to-date: /home/fudanrobotuser/fd_humanoid_robot/install/robot_control_module/share/robot_control_module/environment/ament_prefix_path.sh
[6.067s] -- Up-to-date: /home/fudanrobotuser/fd_humanoid_robot/install/robot_control_module/share/robot_control_module/environment/ament_prefix_path.dsv
[6.067s] -- Up-to-date: /home/fudanrobotuser/fd_humanoid_robot/install/robot_control_module/share/robot_control_module/environment/path.sh
[6.067s] -- Up-to-date: /home/fudanrobotuser/fd_humanoid_robot/install/robot_control_module/share/robot_control_module/environment/path.dsv
[6.067s] -- Up-to-date: /home/fudanrobotuser/fd_humanoid_robot/install/robot_control_module/share/robot_control_module/local_setup.bash
[6.067s] -- Up-to-date: /home/fudanrobotuser/fd_humanoid_robot/install/robot_control_module/share/robot_control_module/local_setup.sh
[6.067s] -- Up-to-date: /home/fudanrobotuser/fd_humanoid_robot/install/robot_control_module/share/robot_control_module/local_setup.zsh
[6.068s] -- Up-to-date: /home/fudanrobotuser/fd_humanoid_robot/install/robot_control_module/share/robot_control_module/local_setup.dsv
[6.068s] -- Installing: /home/fudanrobotuser/fd_humanoid_robot/install/robot_control_module/share/robot_control_module/package.dsv
[6.068s] -- Up-to-date: /home/fudanrobotuser/fd_humanoid_robot/install/robot_control_module/share/ament_index/resource_index/packages/robot_control_module
[6.068s] -- Up-to-date: /home/fudanrobotuser/fd_humanoid_robot/install/robot_control_module/share/robot_control_module/cmake/robot_control_moduleConfig.cmake
[6.068s] -- Up-to-date: /home/fudanrobotuser/fd_humanoid_robot/install/robot_control_module/share/robot_control_module/cmake/robot_control_moduleConfig-version.cmake
[6.068s] -- Up-to-date: /home/fudanrobotuser/fd_humanoid_robot/install/robot_control_module/share/robot_control_module/package.xml
[6.070s] Invoked command in '/home/fudanrobotuser/fd_humanoid_robot/build/robot_control_module' returned '0': CMAKE_PREFIX_PATH=/opt/ros/humble /usr/bin/cmake --install /home/fudanrobotuser/fd_humanoid_robot/build/robot_control_module
