[0.172s] Invoking command in '/home/fudanrobotuser/fd_humanoid_robot/build/nlohmann_json': /usr/bin/cmake --build /home/fudanrobotuser/fd_humanoid_robot/build/nlohmann_json -- -j10 -l10
[0.236s] [  1%] Built target test_main
[0.238s] [  2%] Built target abi_compat_diag_on
[0.243s] [  3%] Built target abi_compat_main
[0.248s] [  4%] Built target abi_compat_diag_off
[0.287s] [  7%] Built target test-alt-string_cpp11
[0.288s] [  7%] Built target test-allocator_cpp11
[0.289s] [  9%] Built target test-assert_macro_cpp11
[0.289s] [  9%] Built target test-binary_formats_cpp11
[0.292s] [ 10%] Built target test-algorithms_cpp11
[0.298s] [ 11%] Built target test-capacity_cpp11
[0.299s] [ 13%] Built target test-byte_container_with_subtype_cpp11
[0.303s] [ 14%] Built target test-bson_cpp11
[0.303s] [ 15%] Built target test-bjdata_cpp11
[0.329s] [ 16%] Built target test-class_iterator_cpp11
[0.329s] [ 17%] Built target test-cbor_cpp11
[0.336s] [ 18%] Built target test-class_const_iterator_cpp11
[0.340s] [ 20%] Built target test-class_lexer_cpp11
[0.345s] [ 21%] Built target test-comparison_cpp11
[0.345s] [ 22%] Built target test-class_parser_cpp11
[0.366s] [ 23%] Built target test-comparison_cpp20
[0.378s] [ 26%] Built target test-constructor2_cpp11
[0.378s] [ 26%] Built target test-concepts_cpp11
[0.382s] [ 27%] Built target test-convenience_cpp11
[0.388s] [ 29%] Built target test-conversions_cpp17
[0.390s] [ 30%] Built target test-constructor1_cpp11
[0.397s] [ 31%] Built target test-conversions_cpp11
[0.400s] [ 32%] Built target test-custom-base-class_cpp11
[0.415s] [ 33%] Built target test-diagnostics_cpp11
[0.417s] [ 34%] Built target test-deserialization_cpp11
[0.432s] [ 36%] Built target test-element_access2_cpp11
[0.432s] [ 37%] Built target test-element_access2_cpp14
[0.435s] [ 38%] Built target test-disabled_exceptions_cpp11
[0.440s] [ 39%] Built target test-element_access1_cpp11
[0.443s] [ 41%] Built target test-element_access2_cpp17
[0.443s] [ 41%] Built target test-hash_cpp11
[0.474s] [ 42%] Built target test-inspection_cpp11
[0.476s] [ 44%] Built target test-items_cpp11
[0.477s] [ 45%] Built target test-items_cpp17
[0.482s] [ 46%] Built target test-iterators2_cpp11
[0.483s] [ 47%] Built target test-iterators1_cpp11
[0.486s] [ 49%] Built target test-json_pointer_cpp11
[0.487s] [ 50%] Built target test-json_patch_cpp11
[0.495s] [ 51%] Built target test-iterators2_cpp20
[0.517s] [ 52%] Built target test-large_json_cpp11
[0.519s] [ 54%] Built target test-json_pointer_cpp20
[0.519s] [ 54%] Built target test-meta_cpp11
[0.529s] [ 55%] Built target test-merge_patch_cpp11
[0.531s] [ 58%] Built target test-msgpack_cpp11
[0.534s] [ 58%] Built target test-modifiers_cpp11
[0.534s] [ 59%] Built target test-no-mem-leak-on-adl-serialize_cpp11
[0.541s] [ 60%] Built target test-noexcept_cpp11
[0.543s] [ 62%] Built target test-ordered_map_cpp11
[0.564s] [ 63%] Built target test-ordered_json_cpp11
[0.568s] [ 64%] Built target test-pointer_access_cpp11
[0.569s] [ 65%] Built target test-readme_cpp11
[0.571s] [ 66%] Built target test-reference_access_cpp11
[0.571s] [ 67%] Built target test-regression1_cpp17
[0.578s] [ 68%] Built target test-regression1_cpp11
[0.580s] [ 70%] Built target test-regression2_cpp11
[0.581s] [ 71%] Built target test-regression2_cpp17
[0.614s] [ 72%] Built target test-regression2_cpp20
[0.629s] [ 75%] Built target test-to_chars_cpp11
[0.629s] [ 75%] Built target test-serialization_cpp11
[0.629s] [ 76%] Built target test-testsuites_cpp11
[0.631s] [ 77%] Built target test-ubjson_cpp11
[0.634s] [ 78%] Built target test-udl_cpp11
[0.639s] [ 80%] Built target test-udt_cpp11
[0.639s] [ 81%] Built target test-unicode1_cpp11
[0.641s] [ 82%] Built target test-udt_macro_cpp11
[0.643s] [ 83%] Built target test-type_traits_cpp11
[0.665s] [ 84%] Built target test-unicode2_cpp11
[0.668s] [ 85%] Built target test-unicode3_cpp11
[0.675s] [ 87%] Built target test-unicode4_cpp11
[0.675s] [ 87%] Built target test-unicode5_cpp11
[0.676s] [ 89%] Built target test-user_defined_input_cpp11
[0.676s] [ 90%] Built target test-windows_h_cpp11
[0.684s] [ 91%] Built target test-wstring_cpp11
[0.702s] [ 92%] Built target test-comparison_legacy_cpp11
[0.708s] [ 93%] Built target abi_config_default
[0.718s] [ 94%] Built target abi_config_custom
[0.719s] [ 96%] Built target abi_config_noversion
[0.719s] [ 97%] Built target test-comparison_legacy_cpp20
[0.721s] [ 98%] Built target abi_compat_diag
[0.725s] [100%] Built target abi_compat_inline_ns
[0.740s] Invoked command in '/home/fudanrobotuser/fd_humanoid_robot/build/nlohmann_json' returned '0': /usr/bin/cmake --build /home/fudanrobotuser/fd_humanoid_robot/build/nlohmann_json -- -j10 -l10
[0.844s] Invoking command in '/home/fudanrobotuser/fd_humanoid_robot/build/nlohmann_json': /usr/bin/cmake --install /home/fudanrobotuser/fd_humanoid_robot/build/nlohmann_json
[0.853s] -- Install configuration: ""
[0.854s] -- Up-to-date: /home/fudanrobotuser/fd_humanoid_robot/install/nlohmann_json/include
[0.854s] -- Up-to-date: /home/fudanrobotuser/fd_humanoid_robot/install/nlohmann_json/include/nlohmann
[0.854s] -- Up-to-date: /home/fudanrobotuser/fd_humanoid_robot/install/nlohmann_json/include/nlohmann/adl_serializer.hpp
[0.855s] -- Up-to-date: /home/fudanrobotuser/fd_humanoid_robot/install/nlohmann_json/include/nlohmann/detail
[0.855s] -- Up-to-date: /home/fudanrobotuser/fd_humanoid_robot/install/nlohmann_json/include/nlohmann/detail/input
[0.855s] -- Up-to-date: /home/fudanrobotuser/fd_humanoid_robot/install/nlohmann_json/include/nlohmann/detail/input/input_adapters.hpp
[0.855s] -- Up-to-date: /home/fudanrobotuser/fd_humanoid_robot/install/nlohmann_json/include/nlohmann/detail/input/lexer.hpp
[0.855s] -- Up-to-date: /home/fudanrobotuser/fd_humanoid_robot/install/nlohmann_json/include/nlohmann/detail/input/json_sax.hpp
[0.855s] -- Up-to-date: /home/fudanrobotuser/fd_humanoid_robot/install/nlohmann_json/include/nlohmann/detail/input/position_t.hpp
[0.856s] -- Up-to-date: /home/fudanrobotuser/fd_humanoid_robot/install/nlohmann_json/include/nlohmann/detail/input/parser.hpp
[0.856s] -- Up-to-date: /home/fudanrobotuser/fd_humanoid_robot/install/nlohmann_json/include/nlohmann/detail/input/binary_reader.hpp
[0.856s] -- Up-to-date: /home/fudanrobotuser/fd_humanoid_robot/install/nlohmann_json/include/nlohmann/detail/json_ref.hpp
[0.856s] -- Up-to-date: /home/fudanrobotuser/fd_humanoid_robot/install/nlohmann_json/include/nlohmann/detail/meta
[0.856s] -- Up-to-date: /home/fudanrobotuser/fd_humanoid_robot/install/nlohmann_json/include/nlohmann/detail/meta/void_t.hpp
[0.856s] -- Up-to-date: /home/fudanrobotuser/fd_humanoid_robot/install/nlohmann_json/include/nlohmann/detail/meta/cpp_future.hpp
[0.856s] -- Up-to-date: /home/fudanrobotuser/fd_humanoid_robot/install/nlohmann_json/include/nlohmann/detail/meta/call_std
[0.856s] -- Up-to-date: /home/fudanrobotuser/fd_humanoid_robot/install/nlohmann_json/include/nlohmann/detail/meta/call_std/begin.hpp
[0.856s] -- Up-to-date: /home/fudanrobotuser/fd_humanoid_robot/install/nlohmann_json/include/nlohmann/detail/meta/call_std/end.hpp
[0.857s] -- Up-to-date: /home/fudanrobotuser/fd_humanoid_robot/install/nlohmann_json/include/nlohmann/detail/meta/detected.hpp
[0.857s] -- Up-to-date: /home/fudanrobotuser/fd_humanoid_robot/install/nlohmann_json/include/nlohmann/detail/meta/std_fs.hpp
[0.857s] -- Up-to-date: /home/fudanrobotuser/fd_humanoid_robot/install/nlohmann_json/include/nlohmann/detail/meta/type_traits.hpp
[0.857s] -- Up-to-date: /home/fudanrobotuser/fd_humanoid_robot/install/nlohmann_json/include/nlohmann/detail/meta/is_sax.hpp
[0.857s] -- Up-to-date: /home/fudanrobotuser/fd_humanoid_robot/install/nlohmann_json/include/nlohmann/detail/meta/identity_tag.hpp
[0.857s] -- Up-to-date: /home/fudanrobotuser/fd_humanoid_robot/install/nlohmann_json/include/nlohmann/detail/string_escape.hpp
[0.857s] -- Up-to-date: /home/fudanrobotuser/fd_humanoid_robot/install/nlohmann_json/include/nlohmann/detail/abi_macros.hpp
[0.857s] -- Up-to-date: /home/fudanrobotuser/fd_humanoid_robot/install/nlohmann_json/include/nlohmann/detail/hash.hpp
[0.857s] -- Up-to-date: /home/fudanrobotuser/fd_humanoid_robot/install/nlohmann_json/include/nlohmann/detail/output
[0.857s] -- Up-to-date: /home/fudanrobotuser/fd_humanoid_robot/install/nlohmann_json/include/nlohmann/detail/output/serializer.hpp
[0.858s] -- Up-to-date: /home/fudanrobotuser/fd_humanoid_robot/install/nlohmann_json/include/nlohmann/detail/output/binary_writer.hpp
[0.858s] -- Up-to-date: /home/fudanrobotuser/fd_humanoid_robot/install/nlohmann_json/include/nlohmann/detail/output/output_adapters.hpp
[0.858s] -- Up-to-date: /home/fudanrobotuser/fd_humanoid_robot/install/nlohmann_json/include/nlohmann/detail/json_custom_base_class.hpp
[0.859s] -- Up-to-date: /home/fudanrobotuser/fd_humanoid_robot/install/nlohmann_json/include/nlohmann/detail/json_pointer.hpp
[0.859s] -- Up-to-date: /home/fudanrobotuser/fd_humanoid_robot/install/nlohmann_json/include/nlohmann/detail/value_t.hpp
[0.859s] -- Up-to-date: /home/fudanrobotuser/fd_humanoid_robot/install/nlohmann_json/include/nlohmann/detail/conversions
[0.859s] -- Up-to-date: /home/fudanrobotuser/fd_humanoid_robot/install/nlohmann_json/include/nlohmann/detail/conversions/to_chars.hpp
[0.860s] -- Up-to-date: /home/fudanrobotuser/fd_humanoid_robot/install/nlohmann_json/include/nlohmann/detail/conversions/to_json.hpp
[0.860s] -- Up-to-date: /home/fudanrobotuser/fd_humanoid_robot/install/nlohmann_json/include/nlohmann/detail/conversions/from_json.hpp
[0.860s] -- Up-to-date: /home/fudanrobotuser/fd_humanoid_robot/install/nlohmann_json/include/nlohmann/detail/macro_unscope.hpp
[0.860s] -- Up-to-date: /home/fudanrobotuser/fd_humanoid_robot/install/nlohmann_json/include/nlohmann/detail/string_concat.hpp
[0.860s] -- Up-to-date: /home/fudanrobotuser/fd_humanoid_robot/install/nlohmann_json/include/nlohmann/detail/macro_scope.hpp
[0.861s] -- Up-to-date: /home/fudanrobotuser/fd_humanoid_robot/install/nlohmann_json/include/nlohmann/detail/iterators
[0.861s] -- Up-to-date: /home/fudanrobotuser/fd_humanoid_robot/install/nlohmann_json/include/nlohmann/detail/iterators/iteration_proxy.hpp
[0.861s] -- Up-to-date: /home/fudanrobotuser/fd_humanoid_robot/install/nlohmann_json/include/nlohmann/detail/iterators/iter_impl.hpp
[0.861s] -- Up-to-date: /home/fudanrobotuser/fd_humanoid_robot/install/nlohmann_json/include/nlohmann/detail/iterators/json_reverse_iterator.hpp
[0.862s] -- Up-to-date: /home/fudanrobotuser/fd_humanoid_robot/install/nlohmann_json/include/nlohmann/detail/iterators/iterator_traits.hpp
[0.862s] -- Up-to-date: /home/fudanrobotuser/fd_humanoid_robot/install/nlohmann_json/include/nlohmann/detail/iterators/internal_iterator.hpp
[0.862s] -- Up-to-date: /home/fudanrobotuser/fd_humanoid_robot/install/nlohmann_json/include/nlohmann/detail/iterators/primitive_iterator.hpp
[0.862s] -- Up-to-date: /home/fudanrobotuser/fd_humanoid_robot/install/nlohmann_json/include/nlohmann/detail/exceptions.hpp
[0.862s] -- Up-to-date: /home/fudanrobotuser/fd_humanoid_robot/install/nlohmann_json/include/nlohmann/ordered_map.hpp
[0.863s] -- Up-to-date: /home/fudanrobotuser/fd_humanoid_robot/install/nlohmann_json/include/nlohmann/json.hpp
[0.863s] -- Up-to-date: /home/fudanrobotuser/fd_humanoid_robot/install/nlohmann_json/include/nlohmann/json_fwd.hpp
[0.863s] -- Up-to-date: /home/fudanrobotuser/fd_humanoid_robot/install/nlohmann_json/include/nlohmann/thirdparty
[0.863s] -- Up-to-date: /home/fudanrobotuser/fd_humanoid_robot/install/nlohmann_json/include/nlohmann/thirdparty/hedley
[0.863s] -- Up-to-date: /home/fudanrobotuser/fd_humanoid_robot/install/nlohmann_json/include/nlohmann/thirdparty/hedley/hedley_undef.hpp
[0.863s] -- Up-to-date: /home/fudanrobotuser/fd_humanoid_robot/install/nlohmann_json/include/nlohmann/thirdparty/hedley/hedley.hpp
[0.864s] -- Up-to-date: /home/fudanrobotuser/fd_humanoid_robot/install/nlohmann_json/include/nlohmann/byte_container_with_subtype.hpp
[0.864s] -- Up-to-date: /home/fudanrobotuser/fd_humanoid_robot/install/nlohmann_json/share/cmake/nlohmann_json/nlohmann_jsonConfig.cmake
[0.865s] -- Up-to-date: /home/fudanrobotuser/fd_humanoid_robot/install/nlohmann_json/share/cmake/nlohmann_json/nlohmann_jsonConfigVersion.cmake
[0.866s] -- Up-to-date: /home/fudanrobotuser/fd_humanoid_robot/install/nlohmann_json/share/cmake/nlohmann_json/nlohmann_jsonTargets.cmake
[0.866s] -- Up-to-date: /home/fudanrobotuser/fd_humanoid_robot/install/nlohmann_json/share/pkgconfig/nlohmann_json.pc
[0.866s] Invoked command in '/home/fudanrobotuser/fd_humanoid_robot/build/nlohmann_json' returned '0': /usr/bin/cmake --install /home/fudanrobotuser/fd_humanoid_robot/build/nlohmann_json
