[0.290s] Invoking command in '/home/fudanrobotuser/fd_humanoid_robot/build/sensor_module': CMAKE_PREFIX_PATH=/opt/ros/humble /usr/bin/cmake /home/fudanrobotuser/fd_humanoid_robot/src/sensor_module -DCMAKE_INSTALL_PREFIX=/home/fudanrobotuser/fd_humanoid_robot/install/sensor_module
[0.353s] -- The C compiler identification is GNU 11.4.0
[0.422s] -- The CXX compiler identification is GNU 11.4.0
[0.431s] -- Detecting C compiler ABI info
[0.510s] -- Detecting C compiler ABI info - done
[0.519s] -- Check for working C compiler: /usr/bin/cc - skipped
[0.520s] -- Detecting C compile features
[0.521s] -- Detecting C compile features - done
[0.525s] -- Detecting CXX compiler ABI info
[0.614s] -- Detecting CXX compiler ABI info - done
[0.625s] -- Check for working CXX compiler: /usr/bin/c++ - skipped
[0.625s] -- Detecting CXX compile features
[0.626s] -- Detecting CXX compile features - done
[0.629s] -- Found ament_cmake: 1.3.9 (/opt/ros/humble/share/ament_cmake/cmake)
[0.797s] -- Found Python3: /usr/bin/python3 (found version "3.10.12") found components: Interpreter 
[0.919s] -- Found rclcpp: 16.0.9 (/opt/ros/humble/share/rclcpp/cmake)
[0.983s] -- Found rosidl_generator_c: 3.1.5 (/opt/ros/humble/share/rosidl_generator_c/cmake)
[0.991s] -- Found rosidl_adapter: 3.1.5 (/opt/ros/humble/share/rosidl_adapter/cmake)
[1.005s] -- Found rosidl_generator_cpp: 3.1.5 (/opt/ros/humble/share/rosidl_generator_cpp/cmake)
[1.027s] -- Using all available rosidl_typesupport_c: rosidl_typesupport_fastrtps_c;rosidl_typesupport_introspection_c
[1.056s] -- Using all available rosidl_typesupport_cpp: rosidl_typesupport_fastrtps_cpp;rosidl_typesupport_introspection_cpp
[1.159s] -- Found rmw_implementation_cmake: 6.1.2 (/opt/ros/humble/share/rmw_implementation_cmake/cmake)
[1.163s] -- Found rmw_fastrtps_cpp: 6.2.6 (/opt/ros/humble/share/rmw_fastrtps_cpp/cmake)
[1.289s] -- Found OpenSSL: /usr/lib/x86_64-linux-gnu/libcrypto.so (found version "3.0.2")  
[1.318s] -- Found FastRTPS: /opt/ros/humble/include  
[1.371s] -- Using RMW implementation 'rmw_fastrtps_cpp' as default
[1.385s] -- Looking for pthread.h
[1.478s] -- Looking for pthread.h - found
[1.478s] -- Performing Test CMAKE_HAVE_LIBC_PTHREAD
[1.567s] -- Performing Test CMAKE_HAVE_LIBC_PTHREAD - Success
[1.568s] -- Found Threads: TRUE  
[1.844s] -- Found sensor_msgs: 4.2.4 (/opt/ros/humble/share/sensor_msgs/cmake)
[2.128s] -- Configuring done
[2.142s] -- Generating done
[2.145s] -- Build files have been written to: /home/fudanrobotuser/fd_humanoid_robot/build/sensor_module
[2.156s] Invoked command in '/home/fudanrobotuser/fd_humanoid_robot/build/sensor_module' returned '0': CMAKE_PREFIX_PATH=/opt/ros/humble /usr/bin/cmake /home/fudanrobotuser/fd_humanoid_robot/src/sensor_module -DCMAKE_INSTALL_PREFIX=/home/fudanrobotuser/fd_humanoid_robot/install/sensor_module
[2.156s] Invoking command in '/home/fudanrobotuser/fd_humanoid_robot/build/sensor_module': CMAKE_PREFIX_PATH=/opt/ros/humble /usr/bin/cmake --build /home/fudanrobotuser/fd_humanoid_robot/build/sensor_module -- -j10 -l10
[2.212s] [ 50%] [32mBuilding CXX object CMakeFiles/sensor_node.dir/src/sensor_node.cpp.o[0m
[11.111s] [100%] [32m[1mLinking CXX executable sensor_node[0m
[11.731s] [100%] Built target sensor_node
[11.774s] Invoked command in '/home/fudanrobotuser/fd_humanoid_robot/build/sensor_module' returned '0': CMAKE_PREFIX_PATH=/opt/ros/humble /usr/bin/cmake --build /home/fudanrobotuser/fd_humanoid_robot/build/sensor_module -- -j10 -l10
[12.155s] Invoking command in '/home/fudanrobotuser/fd_humanoid_robot/build/sensor_module': CMAKE_PREFIX_PATH=/opt/ros/humble /usr/bin/cmake --install /home/fudanrobotuser/fd_humanoid_robot/build/sensor_module
[12.165s] -- Install configuration: ""
[12.165s] -- Installing: /home/fudanrobotuser/fd_humanoid_robot/install/sensor_module/lib/sensor_module/sensor_node
[12.167s] -- Set runtime path of "/home/fudanrobotuser/fd_humanoid_robot/install/sensor_module/lib/sensor_module/sensor_node" to ""
[12.167s] -- Installing: /home/fudanrobotuser/fd_humanoid_robot/install/sensor_module/share/ament_index/resource_index/package_run_dependencies/sensor_module
[12.168s] -- Installing: /home/fudanrobotuser/fd_humanoid_robot/install/sensor_module/share/ament_index/resource_index/parent_prefix_path/sensor_module
[12.168s] -- Installing: /home/fudanrobotuser/fd_humanoid_robot/install/sensor_module/share/sensor_module/environment/ament_prefix_path.sh
[12.168s] -- Installing: /home/fudanrobotuser/fd_humanoid_robot/install/sensor_module/share/sensor_module/environment/ament_prefix_path.dsv
[12.168s] -- Installing: /home/fudanrobotuser/fd_humanoid_robot/install/sensor_module/share/sensor_module/environment/path.sh
[12.169s] -- Installing: /home/fudanrobotuser/fd_humanoid_robot/install/sensor_module/share/sensor_module/environment/path.dsv
[12.169s] -- Installing: /home/fudanrobotuser/fd_humanoid_robot/install/sensor_module/share/sensor_module/local_setup.bash
[12.169s] -- Installing: /home/fudanrobotuser/fd_humanoid_robot/install/sensor_module/share/sensor_module/local_setup.sh
[12.169s] -- Installing: /home/fudanrobotuser/fd_humanoid_robot/install/sensor_module/share/sensor_module/local_setup.zsh
[12.169s] -- Installing: /home/fudanrobotuser/fd_humanoid_robot/install/sensor_module/share/sensor_module/local_setup.dsv
[12.170s] -- Installing: /home/fudanrobotuser/fd_humanoid_robot/install/sensor_module/share/sensor_module/package.dsv
[12.170s] -- Installing: /home/fudanrobotuser/fd_humanoid_robot/install/sensor_module/share/ament_index/resource_index/packages/sensor_module
[12.170s] -- Installing: /home/fudanrobotuser/fd_humanoid_robot/install/sensor_module/share/sensor_module/cmake/sensor_moduleConfig.cmake
[12.170s] -- Installing: /home/fudanrobotuser/fd_humanoid_robot/install/sensor_module/share/sensor_module/cmake/sensor_moduleConfig-version.cmake
[12.171s] -- Installing: /home/fudanrobotuser/fd_humanoid_robot/install/sensor_module/share/sensor_module/package.xml
[12.178s] Invoked command in '/home/fudanrobotuser/fd_humanoid_robot/build/sensor_module' returned '0': CMAKE_PREFIX_PATH=/opt/ros/humble /usr/bin/cmake --install /home/fudanrobotuser/fd_humanoid_robot/build/sensor_module
